<?xml version="1.0" encoding="UTF-8"?>
<!-- Generated by org.testng.reporters.JUnitXMLReporter -->
<testsuite ignored="4" hostname="DESKTOP-G43AE6T" failures="0" tests="3" name="Test" time="87.011" errors="0" timestamp="2022-10-14T00:42:51 BDT">
  <testcase classname="tests.HomePageTest" name="menuVisit" time="12.792"/>
  <testcase classname="tests.ViewProductDetailsTest" name="PageDetails" time="34.996"/>
  <testcase classname="tests.CheckoutInfoTest" name="checkoutDetails" time="27.877"/>
  <testcase classname="drivers.BaseDriver" name="@BeforeSuite start" time="0.0">
    <ignored/>
  </testcase> <!-- @BeforeSuite start -->
  <testcase classname="drivers.BaseDriver" name="@AfterSuite close" time="0.0">
    <ignored/>
  </testcase> <!-- @AfterSuite close -->
  <testcase classname="drivers.BaseDriver" name="@BeforeSuite start" time="0.0">
    <ignored/>
  </testcase> <!-- @BeforeSuite start -->
  <testcase classname="drivers.BaseDriver" name="@AfterSuite close" time="0.0">
    <ignored/>
  </testcase> <!-- @AfterSuite close -->
</testsuite> <!-- Test -->
